<?xml version="1.0" encoding="UTF-8"?>
<!-- Generated by org.testng.reporters.JUnitReportReporter -->
<testsuite hostname="DESKTOP-9KG91EN" failures="0" tests="6" name="Valiram.SerenityDemo.Appium" time="107.987" errors="0" timestamp="2024-01-28T16:45:13 MYT" skipped="0">
  <testcase classname="Valiram.SerenityDemo.Appium" name="caseInsensitivityCheckTest" time="18.181"/>
  <testcase classname="Valiram.SerenityDemo.Appium" name="invalidUsernameTest" time="18.226"/>
  <testcase classname="Valiram.SerenityDemo.Appium" name="trimmingSpacesInCredentialsTest" time="17.800"/>
  <testcase classname="Valiram.SerenityDemo.Appium" name="validLoginTest" time="17.891"/>
  <testcase classname="Valiram.SerenityDemo.Appium" name="invalidPasswordTest" time="17.907"/>
  <testcase classname="Valiram.SerenityDemo.Appium" name="emptyFieldsTest" time="17.982"/>
</testsuite> <!-- Valiram.SerenityDemo.Appium -->
