<?xml version="1.0" encoding="UTF-8"?>
<!-- Generated by org.testng.reporters.JUnitReportReporter -->
<testsuite hostname="DESKTOP-9KG91EN" failures="0" tests="6" name="Valiram.SerenityDemo.Login" time="103.783" errors="0" timestamp="2024-01-29T17:14:59 MYT" skipped="0">
  <testcase classname="Valiram.SerenityDemo.Login" name="invalidUsernameTest" time="17.002"/>
  <testcase classname="Valiram.SerenityDemo.Login" name="trimmingSpacesInCredentialsTest" time="17.348"/>
  <testcase classname="Valiram.SerenityDemo.Login" name="caseInsensitivityCheckTest" time="17.507"/>
  <testcase classname="Valiram.SerenityDemo.Login" name="emptyFieldsTest" time="16.614"/>
  <testcase classname="Valiram.SerenityDemo.Login" name="invalidPasswordTest" time="18.208"/>
  <testcase classname="Valiram.SerenityDemo.Login" name="validLoginTest" time="17.104"/>
</testsuite> <!-- Valiram.SerenityDemo.Login -->
