<?xml version="1.0" encoding="UTF-8"?>
<!-- Generated by org.testng.reporters.JUnitReportReporter -->
<testsuite hostname="DESKTOP-9KG91EN" failures="0" tests="3" name="Valiram.SerenityDemo.Filter" time="67.035" errors="0" timestamp="2024-01-29T17:14:59 MYT" skipped="0">
  <testcase classname="Valiram.SerenityDemo.Filter" name="projectFilter" time="21.758"/>
  <testcase classname="Valiram.SerenityDemo.Filter" name="customerFilter" time="23.424"/>
  <testcase classname="Valiram.SerenityDemo.Filter" name="monthFilter" time="21.853"/>
</testsuite> <!-- Valiram.SerenityDemo.Filter -->
