<?xml version="1.0" encoding="UTF-8"?>
<!-- Generated by org.testng.reporters.JUnitReportReporter -->
<testsuite hostname="DESKTOP-9KG91EN" failures="0" tests="4" name="Valiram.SerenityDemo.WorkLog" time="69.413" errors="0" timestamp="2024-01-29T21:21:41 MYT" skipped="0">
  <testcase classname="Valiram.SerenityDemo.WorkLog" name="VerifyAddDescription" time="17.728"/>
  <testcase classname="Valiram.SerenityDemo.WorkLog" name="VerifyTagSelection" time="18.438"/>
  <testcase classname="Valiram.SerenityDemo.WorkLog" name="newWorkLog" time="16.265"/>
  <testcase classname="Valiram.SerenityDemo.WorkLog" name="VerifyProjectSelection" time="16.982"/>
</testsuite> <!-- Valiram.SerenityDemo.WorkLog -->
