<?xml version="1.0" encoding="UTF-8"?>
<!-- Generated by org.testng.reporters.JUnitReportReporter -->
<testsuite hostname="DESKTOP-9KG91EN" failures="0" tests="3" name="Valiram.SerenityDemo.Filter" time="62.959" errors="0" timestamp="2024-01-29T21:21:41 MYT" skipped="0">
  <testcase classname="Valiram.SerenityDemo.Filter" name="monthFilter" time="18.817"/>
  <testcase classname="Valiram.SerenityDemo.Filter" name="projectFilter" time="24.220"/>
  <testcase classname="Valiram.SerenityDemo.Filter" name="customerFilter" time="19.922"/>
</testsuite> <!-- Valiram.SerenityDemo.Filter -->
