<?xml version="1.0" encoding="UTF-8"?>
<!-- Generated by org.testng.reporters.JUnitReportReporter -->
<testsuite hostname="DESKTOP-9KG91EN" failures="0" tests="6" name="Valiram.SerenityDemo.Login" time="89.446" errors="0" timestamp="2024-01-29T21:21:41 MYT" skipped="0">
  <testcase classname="Valiram.SerenityDemo.Login" name="caseInsensitivityCheckTest" time="15.138"/>
  <testcase classname="Valiram.SerenityDemo.Login" name="invalidUsernameTest" time="14.051"/>
  <testcase classname="Valiram.SerenityDemo.Login" name="emptyFieldsTest" time="14.085"/>
  <testcase classname="Valiram.SerenityDemo.Login" name="invalidPasswordTest" time="15.389"/>
  <testcase classname="Valiram.SerenityDemo.Login" name="trimmingSpacesInCredentialsTest" time="14.983"/>
  <testcase classname="Valiram.SerenityDemo.Login" name="validLoginTest" time="15.800"/>
</testsuite> <!-- Valiram.SerenityDemo.Login -->
