<?xml version="1.0" encoding="UTF-8"?>
<!-- Generated by org.testng.reporters.JUnitReportReporter -->
<testsuite hostname="DESKTOP-9KG91EN" failures="0" tests="4" name="Valiram.SerenityDemo.WorkLog" time="81.124" errors="0" timestamp="2024-01-29T17:14:59 MYT" skipped="0">
  <testcase classname="Valiram.SerenityDemo.WorkLog" name="VerifyTagSelection" time="20.909"/>
  <testcase classname="Valiram.SerenityDemo.WorkLog" name="VerifyProjectSelection" time="19.865"/>
  <testcase classname="Valiram.SerenityDemo.WorkLog" name="newWorkLog" time="19.632"/>
  <testcase classname="Valiram.SerenityDemo.WorkLog" name="VerifyAddDescription" time="20.718"/>
</testsuite> <!-- Valiram.SerenityDemo.WorkLog -->
