<?xml version="1.0" encoding="UTF-8"?>
<!-- Generated by org.testng.reporters.JUnitReportReporter -->
<testsuite hostname="DESKTOP-9KG91EN" failures="0" tests="6" name="Valiram.SerenityDemo.Login" time="104.489" errors="0" timestamp="2024-01-29T18:04:24 MYT" skipped="0">
  <testcase classname="Valiram.SerenityDemo.Login" name="invalidPasswordTest" time="18.435"/>
  <testcase classname="Valiram.SerenityDemo.Login" name="validLoginTest" time="17.737"/>
  <testcase classname="Valiram.SerenityDemo.Login" name="caseInsensitivityCheckTest" time="17.997"/>
  <testcase classname="Valiram.SerenityDemo.Login" name="invalidUsernameTest" time="16.650"/>
  <testcase classname="Valiram.SerenityDemo.Login" name="emptyFieldsTest" time="16.499"/>
  <testcase classname="Valiram.SerenityDemo.Login" name="trimmingSpacesInCredentialsTest" time="17.171"/>
</testsuite> <!-- Valiram.SerenityDemo.Login -->
