<?xml version="1.0" encoding="UTF-8"?>
<!-- Generated by org.testng.reporters.JUnitReportReporter -->
<testsuite hostname="DESKTOP-9KG91EN" failures="0" tests="4" name="Valiram.SerenityDemo.WorkLog" time="81.370" errors="0" timestamp="2024-01-29T18:04:24 MYT" skipped="0">
  <testcase classname="Valiram.SerenityDemo.WorkLog" name="VerifyTagSelection" time="20.512"/>
  <testcase classname="Valiram.SerenityDemo.WorkLog" name="newWorkLog" time="19.184"/>
  <testcase classname="Valiram.SerenityDemo.WorkLog" name="VerifyAddDescription" time="20.899"/>
  <testcase classname="Valiram.SerenityDemo.WorkLog" name="VerifyProjectSelection" time="20.775"/>
</testsuite> <!-- Valiram.SerenityDemo.WorkLog -->
