<?xml version="1.0" encoding="UTF-8"?>
<!-- Generated by org.testng.reporters.JUnitReportReporter -->
<testsuite hostname="DESKTOP-9KG91EN" failures="0" tests="3" name="Valiram.SerenityDemo.Filter" time="66.412" errors="0" timestamp="2024-01-29T18:04:24 MYT" skipped="0">
  <testcase classname="Valiram.SerenityDemo.Filter" name="customerFilter" time="21.659"/>
  <testcase classname="Valiram.SerenityDemo.Filter" name="monthFilter" time="20.817"/>
  <testcase classname="Valiram.SerenityDemo.Filter" name="projectFilter" time="23.936"/>
</testsuite> <!-- Valiram.SerenityDemo.Filter -->
